{"method":"GET","url":"/getServiceZones","status":"200","responseTime":"79.336"}
{"method":"GET","url":"/getServiceZones","status":"200","responseTime":"81.578"}
{"method":"GET","url":"/getServiceZons","status":"404","responseTime":"1.509"}
{"method":"GET","url":"/getServiceZones","status":"200","responseTime":"2.183"}
{"method":"GET","url":"/getServiceZones","status":"200","responseTime":"109.257"}
{"method":"GET","url":"/getServiceZones","status":"500","responseTime":"42.126"}
{"method":"GET","url":"/getServiceZones","status":"500","responseTime":"3.049"}
{"method":"GET","url":"/getServiceZones","status":"200","responseTime":"94.552"}
{"method":"GET","url":"/getServiceZones","status":"200","responseTime":"67.523"}
{"method":"POST","url":"/consumer/register","status":"400","responseTime":"4.521"}
{"method":"POST","url":"/consumer/register","status":"400","responseTime":"54.786"}
{"method":"GET","url":"/getServiceZones","status":"200","responseTime":"96.605"}
{"method":"POST","url":"/consumer/register","status":"201","responseTime":"27.595"}
{"method":"POST","url":"/consumer/signUp","status":"400","responseTime":"31.627"}
{"method":"POST","url":"/consumer/signUp","status":"400","responseTime":"128.750"}
{"method":"POST","url":"/consumer/signUp","status":"400","responseTime":"122.701"}
{"method":"POST","url":"/consumer/signUp","status":"400","responseTime":"7.277"}
{"method":"POST","url":"/consumer/signUp","status":"201","responseTime":"11.208"}
{"method":"POST","url":"/consumer/signIn","status":"200","responseTime":"10.364"}
{"method":"POST","url":"/consumer/signIn","status":"200","responseTime":"191.379"}
{"method":"POST","url":"/consumer/signIn","status":"-","responseTime":"-"}
{"method":"POST","url":"/consumer/signIn","status":"200","responseTime":"159.049"}
{"method":"POST","url":"/consumer/signIn","status":"200","responseTime":"170.689"}
{"method":"POST","url":"/consumer/signIn","status":"200","responseTime":"170.701"}
{"method":"POST","url":"/consumer/signIn","status":"200","responseTime":"142.592"}
{"method":"POST","url":"/consumer/signUp","status":"400","responseTime":"8.818"}
{"method":"POST","url":"/consumer/signUp","status":"400","responseTime":"6.335"}
{"method":"POST","url":"/consumer/signUp","status":"400","responseTime":"5.549"}
